<?xml version="1.0" encoding="UTF-8"?>
<testng-results ignored="0" total="1" passed="1" failed="0" skipped="0">
  <reporter-output>
  </reporter-output>
  <suite started-at="2023-03-22T12:19:07 IST" name="Default suite" finished-at="2023-03-22T12:19:19 IST" duration-ms="11775">
    <groups>
    </groups>
    <test started-at="2023-03-22T12:19:07 IST" name="Default test" finished-at="2023-03-22T12:19:19 IST" duration-ms="11775">
      <class name="seleniumexample2.Windowhandling">
        <test-method is-config="true" signature="bfore()[pri:0, instance:seleniumexample2.Windowhandling@73e9cf30]" started-at="2023-03-22T12:19:08 IST" name="bfore" finished-at="2023-03-22T12:19:17 IST" duration-ms="9819" status="PASS">
          <reporter-output>
          </reporter-output>
        </test-method> <!-- bfore -->
        <test-method signature="teste()[pri:0, instance:seleniumexample2.Windowhandling@73e9cf30]" started-at="2023-03-22T12:19:17 IST" name="teste" finished-at="2023-03-22T12:19:19 IST" duration-ms="1879" status="PASS">
          <reporter-output>
          </reporter-output>
        </test-method> <!-- teste -->
        <test-method is-config="true" signature="aftr()[pri:0, instance:seleniumexample2.Windowhandling@73e9cf30]" started-at="2023-03-22T12:19:19 IST" name="aftr" finished-at="2023-03-22T12:19:19 IST" duration-ms="1" status="PASS">
          <reporter-output>
          </reporter-output>
        </test-method> <!-- aftr -->
      </class> <!-- seleniumexample2.Windowhandling -->
    </test> <!-- Default test -->
  </suite> <!-- Default suite -->
</testng-results>
